<?xml version="1.0" encoding="UTF-8"?>
<Site BuildName="Linux-g++"
	BuildStamp="20240401-2012-Experimental"
	Name="ANTON-DESKTOP"
	Generator="ctest-3.10.2"
	CompilerName="/usr/bin/g++"
	CompilerVersion=""
	OSName="Linux"
	Hostname="ANTON-DESKTOP"
	OSRelease="5.15.146.1-microsoft-standard-WSL2"
	OSVersion="#1 SMP Thu Jan 11 04:09:03 UTC 2024"
	OSPlatform="x86_64"
	Is64Bits="1"
	VendorString="AuthenticAMD"
	VendorID="Advanced Micro Devices"
	FamilyID="25"
	ModelID="80"
	ProcessorCacheSize="512"
	NumberOfLogicalCPU="12"
	NumberOfPhysicalCPU="6"
	TotalVirtualMemory="2048"
	TotalPhysicalMemory="7879"
	LogicalProcessorsPerPhysical="2"
	ProcessorClockFrequency="3599.92"
	>
	<Testing>
		<StartDateTime>Apr 01 23:33 EEST</StartDateTime>
		<StartTestTime>1712003587</StartTestTime>
		<TestList/>
		<EndDateTime>Apr 01 23:33 EEST</EndDateTime>
		<EndTestTime>1712003587</EndTestTime>
		<ElapsedMinutes>0</ElapsedMinutes>
	</Testing>
</Site>
